<?xml version="1.0" encoding="UTF-8"?>
<!-- Generated by org.testng.reporters.JUnitXMLReporter -->
<testsuite ignored="0" hostname="LAPTOP-38FUG744" failures="0" tests="5" name="Default test" time="18.851" errors="0" timestamp="2024-08-30T19:39:57 IST">
  <testcase classname="tests.EndtoEndBookingTest" name="createNewbooking" time="2.626"/>
  <testcase classname="tests.EndtoEndBookingTest" name="verifynewBookingByid" time="1.53"/>
  <testcase classname="tests.EndtoEndBookingTest" name="updateBooking" time="2.75"/>
  <testcase classname="tests.EndtoEndBookingTest" name="partialUpdate" time="2.319"/>
  <testcase classname="tests.EndtoEndBookingTest" name="deleteBooking" time="2.756"/>
</testsuite> <!-- Default test -->
