<?xml version="1.0" encoding="UTF-8"?>
<testng-results ignored="0" total="5" passed="5" failed="0" skipped="0">
  <reporter-output>
  </reporter-output>
  <suite started-at="2024-08-30T19:39:38 IST" name="Default suite" finished-at="2024-08-30T19:39:57 IST" duration-ms="18851">
    <groups>
    </groups>
    <test started-at="2024-08-30T19:39:38 IST" name="Default test" finished-at="2024-08-30T19:39:57 IST" duration-ms="18851">
      <class name="tests.EndtoEndBookingTest">
        <test-method is-config="true" signature="setup()[pri:0, instance:tests.EndtoEndBookingTest@64693226]" started-at="2024-08-30T19:39:38 IST" name="setup" finished-at="2024-08-30T19:39:45 IST" duration-ms="6644" status="PASS">
          <reporter-output>
          </reporter-output>
        </test-method> <!-- setup -->
        <test-method signature="createNewbooking()[pri:1, instance:tests.EndtoEndBookingTest@64693226]" started-at="2024-08-30T19:39:45 IST" name="createNewbooking" finished-at="2024-08-30T19:39:48 IST" duration-ms="2626" status="PASS">
          <reporter-output>
          </reporter-output>
        </test-method> <!-- createNewbooking -->
        <test-method signature="verifynewBookingByid()[pri:2, instance:tests.EndtoEndBookingTest@64693226]" started-at="2024-08-30T19:39:48 IST" name="verifynewBookingByid" finished-at="2024-08-30T19:39:49 IST" duration-ms="1530" status="PASS">
          <reporter-output>
          </reporter-output>
        </test-method> <!-- verifynewBookingByid -->
        <test-method signature="updateBooking()[pri:3, instance:tests.EndtoEndBookingTest@64693226]" started-at="2024-08-30T19:39:49 IST" name="updateBooking" finished-at="2024-08-30T19:39:52 IST" duration-ms="2750" status="PASS">
          <reporter-output>
          </reporter-output>
        </test-method> <!-- updateBooking -->
        <test-method signature="partialUpdate()[pri:4, instance:tests.EndtoEndBookingTest@64693226]" started-at="2024-08-30T19:39:52 IST" name="partialUpdate" finished-at="2024-08-30T19:39:54 IST" duration-ms="2319" status="PASS">
          <reporter-output>
          </reporter-output>
        </test-method> <!-- partialUpdate -->
        <test-method signature="deleteBooking()[pri:5, instance:tests.EndtoEndBookingTest@64693226]" started-at="2024-08-30T19:39:54 IST" name="deleteBooking" finished-at="2024-08-30T19:39:57 IST" duration-ms="2756" status="PASS">
          <reporter-output>
          </reporter-output>
        </test-method> <!-- deleteBooking -->
      </class> <!-- tests.EndtoEndBookingTest -->
    </test> <!-- Default test -->
  </suite> <!-- Default suite -->
</testng-results>
